<?xml version="1.0" encoding="UTF-8"?>
<testsuites name="Test Suite Create Channel Internal Data" time="273" tests="5" failures="0" errors="0">
   <testsuite name="Test Suite Create Channel Internal Data" tests="5" failures="0" errors="0" time="273" timestamp="2019-05-23 08:04:50" hostname="MinhCuong - 192.168.112.29" id="Test Suites/15 Driven Test using Internal Data/Test Suite Create Channel Internal Data">
      <properties>
         <property name="deviceName" value=""/>
         <property name="devicePlatform" value=""/>
         <property name="logFolder" value="D:\\HCMUS DATA\\Tern2-4th\\CCDNCTPTPM\\BT\\HW2\\Project\\TED_Team-Test_Project\\TED_Team-Test_Project\\Reports\\15 Driven Test using Internal Data\\Test Suite Create Channel Internal Data\\20190523_080448"/>
         <property name="logFiles" value="D:\\HCMUS DATA\\Tern2-4th\\CCDNCTPTPM\\BT\\HW2\\Project\\TED_Team-Test_Project\\TED_Team-Test_Project\\Reports\\15 Driven Test using Internal Data\\Test Suite Create Channel Internal Data\\20190523_080448\\execution0.log"/>
         <property name="attachments" value="D:\\HCMUS DATA\\Tern2-4th\\CCDNCTPTPM\\BT\\HW2\\Project\\TED_Team-Test_Project\\TED_Team-Test_Project\\Reports\\15 Driven Test using Internal Data\\Test Suite Create Channel Internal Data\\20190523_080448\\1558573538926.png, D:\\HCMUS DATA\\Tern2-4th\\CCDNCTPTPM\\BT\\HW2\\Project\\TED_Team-Test_Project\\TED_Team-Test_Project\\Reports\\15 Driven Test using Internal Data\\Test Suite Create Channel Internal Data\\20190523_080448\\1558573593443.png, D:\\HCMUS DATA\\Tern2-4th\\CCDNCTPTPM\\BT\\HW2\\Project\\TED_Team-Test_Project\\TED_Team-Test_Project\\Reports\\15 Driven Test using Internal Data\\Test Suite Create Channel Internal Data\\20190523_080448\\1558573646321.png, D:\\HCMUS DATA\\Tern2-4th\\CCDNCTPTPM\\BT\\HW2\\Project\\TED_Team-Test_Project\\TED_Team-Test_Project\\Reports\\15 Driven Test using Internal Data\\Test Suite Create Channel Internal Data\\20190523_080448\\1558573699778.png, D:\\HCMUS DATA\\Tern2-4th\\CCDNCTPTPM\\BT\\HW2\\Project\\TED_Team-Test_Project\\TED_Team-Test_Project\\Reports\\15 Driven Test using Internal Data\\Test Suite Create Channel Internal Data\\20190523_080448\\1558573752991.png"/>
         <property name="hostName" value="MinhCuong - 192.168.112.29"/>
         <property name="os" value="Windows 10 64bit"/>
         <property name="katalonVersion" value="6.1.2.2"/>
         <property name="browser" value="Firefox 66.0"/>
         <property name="hostAddress" value="192.168.112.29"/>
         <property name="sessionId" value="ab80de13-74d2-4a45-b1c0-1259b31eec6b"/>
         <property name="seleniumVersion" value="3.7.1"/>
         <property name="proxyInformation" value="ProxyInformation{proxyOption=NO_PROXY, proxyServerType=HTTP, password=, proxyServerAddress=, proxyServerPort=0}"/>
         <property name="platform" value="Windows 10"/>
      </properties>
      <testcase name="Test Cases/20 Data-driven test case/Create Channel use Internal Data" classname="Test Cases/20 Data-driven test case/Create Channel use Internal Data" status="PASSED">
         <system-out><![CDATA[2019-05-23 08:04:50 - [TEST_CASE][PASSED] - Test Cases/20 Data-driven test case/Create Channel use Internal Data: Test Cases/20 Data-driven test case/Create Channel use Internal Data

2019-05-23 08:04:51 - [TEST_STEP][PASSED] - openBrowser(""): Browser is opened with url: ''

2019-05-23 08:04:51 - [MESSAGE][INFO] - Starting 'Firefox' driver

2019-05-23 08:04:51 - [MESSAGE][INFO] - Action delay is set to 0 seconds

2019-05-23 08:04:56 - [MESSAGE][PASSED] - Browser is opened with url: ''

2019-05-23 08:04:56 - [TEST_STEP][PASSED] - navigateToUrl("http://localhost:3000/"): Navigate to 'http://localhost:3000/' successfully

2019-05-23 08:04:58 - [MESSAGE][PASSED] - Navigate to 'http://localhost:3000/' successfully

2019-05-23 08:04:58 - [TEST_STEP][PASSED] - click(findTestObject("Page_Spectrum/button_Log in or sign up")): Object: 'Object Repository/Page_Spectrum/button_Log in or sign up' is clicked on

2019-05-23 08:04:59 - [MESSAGE][PASSED] - Object: 'Object Repository/Page_Spectrum/button_Log in or sign up' is clicked on

2019-05-23 08:04:59 - [TEST_STEP][PASSED] - click(findTestObject("Page_Spectrum/span_Sign in with GitHub")): Object: 'Object Repository/Page_Spectrum/span_Sign in with GitHub' is clicked on

2019-05-23 08:05:01 - [MESSAGE][PASSED] - Object: 'Object Repository/Page_Spectrum/span_Sign in with GitHub' is clicked on

2019-05-23 08:05:01 - [TEST_STEP][PASSED] - setText(findTestObject("Page_Sign in to GitHub  GitHub/input_Username or email address_login"), "minhcuongit"): Text 'minhcuongit' is set on object 'Object Repository/Page_Sign in to GitHub  GitHub/input_Username or email address_login'

2019-05-23 08:05:01 - [MESSAGE][PASSED] - Text 'minhcuongit' is set on object 'Object Repository/Page_Sign in to GitHub  GitHub/input_Username or email address_login'

2019-05-23 08:05:01 - [TEST_STEP][PASSED] - setEncryptedText(findTestObject("Page_Sign in to GitHub  GitHub/input_Forgot password_password"), "9e5/e4jZbrkRPxL/am/6uYGu2iBUrIMS"): Text ****** has been set on object 'Object Repository/Page_Sign in to GitHub  GitHub/input_Forgot password_password'

2019-05-23 08:05:02 - [MESSAGE][PASSED] - Text ****** has been set on object 'Object Repository/Page_Sign in to GitHub  GitHub/input_Forgot password_password'

2019-05-23 08:05:02 - [TEST_STEP][PASSED] - click(findTestObject("Page_Sign in to GitHub  GitHub/input_Forgot password_commit")): Object: 'Object Repository/Page_Sign in to GitHub  GitHub/input_Forgot password_commit' is clicked on

2019-05-23 08:05:06 - [MESSAGE][PASSED] - Object: 'Object Repository/Page_Sign in to GitHub  GitHub/input_Forgot password_commit' is clicked on

2019-05-23 08:05:06 - [TEST_STEP][PASSED] - click(findTestObject("Page_Spectrum community/img_Explore_style__Img-u3znqr-3 kJsvJN")): Object: 'Object Repository/Page_Spectrum community/img_Explore_style__Img-u3znqr-3 kJsvJN' is clicked on

2019-05-23 08:05:10 - [MESSAGE][PASSED] - Object: 'Object Repository/Page_Spectrum community/img_Explore_style__Img-u3znqr-3 kJsvJN' is clicked on

2019-05-23 08:05:10 - [TEST_STEP][PASSED] - navigateToUrl("http://localhost:3000/explore"): Navigate to 'http://localhost:3000/explore' successfully

2019-05-23 08:05:13 - [MESSAGE][PASSED] - Navigate to 'http://localhost:3000/explore' successfully

2019-05-23 08:05:13 - [TEST_STEP][PASSED] - if (verifyElementNotPresent(findTestObject("Object Repository/Page_Explore/button_abc"), 25, OPTIONAL) == true): Web element with id: 'Object Repository/Page_Explore/button_abc' located by 'By.xpath: id("root")/div[@class="style__StyledAppViewWrapper-sc-1cyw1w0-0 iDTxIk"]/div[@class="style__NavigationWrapper-sc-1lxh6l2-3 olYdK"]/div[@class="style__NavigationGrid-sc-1lxh6l2-5 cyPoXN"]/div[@class="style__AvatarGrid-sc-1lxh6l2-6 kWLEke"]/a[@class="style__AvatarLink-sc-1lxh6l2-7 bWCJDQ"][count(. | //*[(text() = 'abc' or . = 'abc')]) = count(//*[(text() = 'abc' or . = 'abc')])]' is present after '25' second(s) (Root cause: com.kms.katalon.core.exception.StepFailedException: Web element with id: 'Object Repository/Page_Explore/button_abc' located by 'By.xpath: id("root")/div[@class="style__StyledAppViewWrapper-sc-1cyw1w0-0 iDTxIk"]/div[@class="style__NavigationWrapper-sc-1lxh6l2-3 olYdK"]/div[@class="style__NavigationGrid-sc-1lxh6l2-5 cyPoXN"]/div[@class="style__AvatarGrid-sc-1lxh6l2-6 kWLEke"]/a[@class="style__AvatarLink-sc-1lxh6l2-7 bWCJDQ"][count(. | //*[(text() = 'abc' or . = 'abc')]) = count(//*[(text() = 'abc' or . = 'abc')])]' is present after '25' second(s)
	at com.kms.katalon.core.webui.keyword.internal.WebUIKeywordMain.stepFailed(WebUIKeywordMain.groovy:64)
	at com.kms.katalon.core.webui.keyword.builtin.VerifyElementNotPresentKeyword$_verifyElementNotPresent_closure1.doCall(VerifyElementNotPresentKeyword.groovy:107)
	at com.kms.katalon.core.webui.keyword.builtin.VerifyElementNotPresentKeyword$_verifyElementNotPresent_closure1.call(VerifyElementNotPresentKeyword.groovy)
	at com.kms.katalon.core.webui.keyword.internal.WebUIKeywordMain.runKeyword(WebUIKeywordMain.groovy:20)
	at com.kms.katalon.core.webui.keyword.builtin.VerifyElementNotPresentKeyword.verifyElementNotPresent(VerifyElementNotPresentKeyword.groovy:118)
	at com.kms.katalon.core.webui.keyword.builtin.VerifyElementNotPresentKeyword.execute(VerifyElementNotPresentKeyword.groovy:68)
	at com.kms.katalon.core.keyword.internal.KeywordExecutor.executeKeywordForPlatform(KeywordExecutor.groovy:56)
	at com.kms.katalon.core.webui.keyword.WebUiBuiltInKeywords.verifyElementNotPresent(WebUiBuiltInKeywords.groovy:1451)
	at com.kms.katalon.core.webui.keyword.WebUiBuiltInKeywords$verifyElementNotPresent$4.call(Unknown Source)
	at Create Channel use Internal Data.run(Create Channel use Internal Data:34)
	at com.kms.katalon.core.main.ScriptEngine.run(ScriptEngine.java:194)
	at com.kms.katalon.core.main.ScriptEngine.runScriptAsRawText(ScriptEngine.java:119)
	at com.kms.katalon.core.main.TestCaseExecutor.runScript(TestCaseExecutor.java:336)
	at com.kms.katalon.core.main.TestCaseExecutor.doExecute(TestCaseExecutor.java:327)
	at com.kms.katalon.core.main.TestCaseExecutor.processExecutionPhase(TestCaseExecutor.java:306)
	at com.kms.katalon.core.main.TestCaseExecutor.accessMainPhase(TestCaseExecutor.java:298)
	at com.kms.katalon.core.main.TestCaseExecutor.execute(TestCaseExecutor.java:232)
	at com.kms.katalon.core.main.TestSuiteExecutor.accessTestCaseMainPhase(TestSuiteExecutor.java:129)
	at com.kms.katalon.core.main.TestSuiteExecutor.accessTestSuiteMainPhase(TestSuiteExecutor.java:112)
	at com.kms.katalon.core.main.TestSuiteExecutor.execute(TestSuiteExecutor.java:81)
	at com.kms.katalon.core.main.TestCaseMain.startTestSuite(TestCaseMain.java:157)
	at com.kms.katalon.core.main.TestCaseMain$startTestSuite$0.call(Unknown Source)
	at TempTestSuite1558573488415.run(TempTestSuite1558573488415.groovy:35)
)

2019-05-23 08:05:39 - [MESSAGE][WARNING] - Web element with id: 'Object Repository/Page_Explore/button_abc' located by 'By.xpath: id("root")/div[@class="style__StyledAppViewWrapper-sc-1cyw1w0-0 iDTxIk"]/div[@class="style__NavigationWrapper-sc-1lxh6l2-3 olYdK"]/div[@class="style__NavigationGrid-sc-1lxh6l2-5 cyPoXN"]/div[@class="style__AvatarGrid-sc-1lxh6l2-6 kWLEke"]/a[@class="style__AvatarLink-sc-1lxh6l2-7 bWCJDQ"][count(. | //*[(text() = 'abc' or . = 'abc')]) = count(//*[(text() = 'abc' or . = 'abc')])]' is present after '25' second(s) (Root cause: com.kms.katalon.core.exception.StepFailedException: Web element with id: 'Object Repository/Page_Explore/button_abc' located by 'By.xpath: id("root")/div[@class="style__StyledAppViewWrapper-sc-1cyw1w0-0 iDTxIk"]/div[@class="style__NavigationWrapper-sc-1lxh6l2-3 olYdK"]/div[@class="style__NavigationGrid-sc-1lxh6l2-5 cyPoXN"]/div[@class="style__AvatarGrid-sc-1lxh6l2-6 kWLEke"]/a[@class="style__AvatarLink-sc-1lxh6l2-7 bWCJDQ"][count(. | //*[(text() = 'abc' or . = 'abc')]) = count(//*[(text() = 'abc' or . = 'abc')])]' is present after '25' second(s)
	at com.kms.katalon.core.webui.keyword.internal.WebUIKeywordMain.stepFailed(WebUIKeywordMain.groovy:64)
	at com.kms.katalon.core.webui.keyword.builtin.VerifyElementNotPresentKeyword$_verifyElementNotPresent_closure1.doCall(VerifyElementNotPresentKeyword.groovy:107)
	at com.kms.katalon.core.webui.keyword.builtin.VerifyElementNotPresentKeyword$_verifyElementNotPresent_closure1.call(VerifyElementNotPresentKeyword.groovy)
	at com.kms.katalon.core.webui.keyword.internal.WebUIKeywordMain.runKeyword(WebUIKeywordMain.groovy:20)
	at com.kms.katalon.core.webui.keyword.builtin.VerifyElementNotPresentKeyword.verifyElementNotPresent(VerifyElementNotPresentKeyword.groovy:118)
	at com.kms.katalon.core.webui.keyword.builtin.VerifyElementNotPresentKeyword.execute(VerifyElementNotPresentKeyword.groovy:68)
	at com.kms.katalon.core.keyword.internal.KeywordExecutor.executeKeywordForPlatform(KeywordExecutor.groovy:56)
	at com.kms.katalon.core.webui.keyword.WebUiBuiltInKeywords.verifyElementNotPresent(WebUiBuiltInKeywords.groovy:1451)
	at com.kms.katalon.core.webui.keyword.WebUiBuiltInKeywords$verifyElementNotPresent$4.call(Unknown Source)
	at Create Channel use Internal Data.run(Create Channel use Internal Data:34)
	at com.kms.katalon.core.main.ScriptEngine.run(ScriptEngine.java:194)
	at com.kms.katalon.core.main.ScriptEngine.runScriptAsRawText(ScriptEngine.java:119)
	at com.kms.katalon.core.main.TestCaseExecutor.runScript(TestCaseExecutor.java:336)
	at com.kms.katalon.core.main.TestCaseExecutor.doExecute(TestCaseExecutor.java:327)
	at com.kms.katalon.core.main.TestCaseExecutor.processExecutionPhase(TestCaseExecutor.java:306)
	at com.kms.katalon.core.main.TestCaseExecutor.accessMainPhase(TestCaseExecutor.java:298)
	at com.kms.katalon.core.main.TestCaseExecutor.execute(TestCaseExecutor.java:232)
	at com.kms.katalon.core.main.TestSuiteExecutor.accessTestCaseMainPhase(TestSuiteExecutor.java:129)
	at com.kms.katalon.core.main.TestSuiteExecutor.accessTestSuiteMainPhase(TestSuiteExecutor.java:112)
	at com.kms.katalon.core.main.TestSuiteExecutor.execute(TestSuiteExecutor.java:81)
	at com.kms.katalon.core.main.TestCaseMain.startTestSuite(TestCaseMain.java:157)
	at com.kms.katalon.core.main.TestCaseMain$startTestSuite$0.call(Unknown Source)
	at TempTestSuite1558573488415.run(TempTestSuite1558573488415.groovy:35)
)
[[ATTACHMENT|D:\\HCMUS DATA\\Tern2-4th\\CCDNCTPTPM\\BT\\HW2\\Project\\TED_Team-Test_Project\\TED_Team-Test_Project\\Reports\\15 Driven Test using Internal Data\\Test Suite Create Channel Internal Data\\20190523_080448\\1558573538926.png]]

2019-05-23 08:05:39 - [TEST_STEP][PASSED] - else: Object: 'Object Repository/Page_abc settings/button_Create Channel 7' is clicked on

2019-05-23 08:05:39 - [TEST_STEP][PASSED] - navigateToUrl("http://localhost:3000/abc?tab=posts"): Navigate to 'http://localhost:3000/abc?tab=posts' successfully

2019-05-23 08:05:40 - [MESSAGE][PASSED] - Navigate to 'http://localhost:3000/abc?tab=posts' successfully

2019-05-23 08:05:40 - [TEST_STEP][PASSED] - click(findTestObject("Page_abc community/button_Settings")): Object: 'Object Repository/Page_abc community/button_Settings' is clicked on

2019-05-23 08:05:42 - [MESSAGE][PASSED] - Object: 'Object Repository/Page_abc community/button_Settings' is clicked on

2019-05-23 08:05:42 - [TEST_STEP][PASSED] - delay(3): Delayed 3 second(s)

2019-05-23 08:05:45 - [MESSAGE][PASSED] - Delayed 3 second(s)

2019-05-23 08:05:45 - [TEST_STEP][PASSED] - click(findTestObject("Page_abc settings/button_Create Channel")): Object: 'Object Repository/Page_abc settings/button_Create Channel' is clicked on

2019-05-23 08:05:46 - [MESSAGE][PASSED] - Object: 'Object Repository/Page_abc settings/button_Create Channel' is clicked on

2019-05-23 08:05:46 - [TEST_STEP][PASSED] - setText(findTestObject("Page_abc settings/input_Channel Name_name"), channel_name): Text 'channel 1' is set on object 'Object Repository/Page_abc settings/input_Channel Name_name'

2019-05-23 08:05:46 - [MESSAGE][PASSED] - Text 'channel 1' is set on object 'Object Repository/Page_abc settings/input_Channel Name_name'

2019-05-23 08:05:46 - [TEST_STEP][PASSED] - setText(findTestObject("Page_abc settings/textarea_ht"), channel_detail): Text 'This is detail of channel 1' is set on object 'Object Repository/Page_abc settings/textarea_ht'

2019-05-23 08:05:46 - [MESSAGE][PASSED] - Text 'This is detail of channel 1' is set on object 'Object Repository/Page_abc settings/textarea_ht'

2019-05-23 08:05:46 - [TEST_STEP][PASSED] - click(findTestObject("Page_abc settings/button_Create Channel 7")): Object: 'Object Repository/Page_abc settings/button_Create Channel 7' is clicked on

2019-05-23 08:05:46 - [MESSAGE][PASSED] - Object: 'Object Repository/Page_abc settings/button_Create Channel 7' is clicked on]]></system-out>
         <system-err><![CDATA[]]></system-err>
      </testcase>
      <testcase name="Test Cases/20 Data-driven test case/Create Channel use Internal Data" classname="Test Cases/20 Data-driven test case/Create Channel use Internal Data" status="PASSED">
         <system-out><![CDATA[2019-05-23 08:05:46 - [TEST_CASE][PASSED] - Test Cases/20 Data-driven test case/Create Channel use Internal Data: Test Cases/20 Data-driven test case/Create Channel use Internal Data

2019-05-23 08:05:46 - [TEST_STEP][PASSED] - openBrowser(""): Browser is opened with url: ''

2019-05-23 08:05:46 - [MESSAGE][WARNING] - A browser is already opened. Closing browser and opening a new one

2019-05-23 08:05:47 - [MESSAGE][INFO] - Starting 'Firefox' driver

2019-05-23 08:05:51 - [MESSAGE][PASSED] - Browser is opened with url: ''

2019-05-23 08:05:51 - [TEST_STEP][PASSED] - navigateToUrl("http://localhost:3000/"): Navigate to 'http://localhost:3000/' successfully

2019-05-23 08:05:53 - [MESSAGE][PASSED] - Navigate to 'http://localhost:3000/' successfully

2019-05-23 08:05:53 - [TEST_STEP][PASSED] - click(findTestObject("Page_Spectrum/button_Log in or sign up")): Object: 'Object Repository/Page_Spectrum/button_Log in or sign up' is clicked on

2019-05-23 08:05:54 - [MESSAGE][PASSED] - Object: 'Object Repository/Page_Spectrum/button_Log in or sign up' is clicked on

2019-05-23 08:05:54 - [TEST_STEP][PASSED] - click(findTestObject("Page_Spectrum/span_Sign in with GitHub")): Object: 'Object Repository/Page_Spectrum/span_Sign in with GitHub' is clicked on

2019-05-23 08:05:57 - [MESSAGE][PASSED] - Object: 'Object Repository/Page_Spectrum/span_Sign in with GitHub' is clicked on

2019-05-23 08:05:57 - [TEST_STEP][PASSED] - setText(findTestObject("Page_Sign in to GitHub  GitHub/input_Username or email address_login"), "minhcuongit"): Text 'minhcuongit' is set on object 'Object Repository/Page_Sign in to GitHub  GitHub/input_Username or email address_login'

2019-05-23 08:05:57 - [MESSAGE][PASSED] - Text 'minhcuongit' is set on object 'Object Repository/Page_Sign in to GitHub  GitHub/input_Username or email address_login'

2019-05-23 08:05:57 - [TEST_STEP][PASSED] - setEncryptedText(findTestObject("Page_Sign in to GitHub  GitHub/input_Forgot password_password"), "9e5/e4jZbrkRPxL/am/6uYGu2iBUrIMS"): Text ****** has been set on object 'Object Repository/Page_Sign in to GitHub  GitHub/input_Forgot password_password'

2019-05-23 08:05:57 - [MESSAGE][PASSED] - Text ****** has been set on object 'Object Repository/Page_Sign in to GitHub  GitHub/input_Forgot password_password'

2019-05-23 08:05:57 - [TEST_STEP][PASSED] - click(findTestObject("Page_Sign in to GitHub  GitHub/input_Forgot password_commit")): Object: 'Object Repository/Page_Sign in to GitHub  GitHub/input_Forgot password_commit' is clicked on

2019-05-23 08:06:01 - [MESSAGE][PASSED] - Object: 'Object Repository/Page_Sign in to GitHub  GitHub/input_Forgot password_commit' is clicked on

2019-05-23 08:06:01 - [TEST_STEP][PASSED] - click(findTestObject("Page_Spectrum community/img_Explore_style__Img-u3znqr-3 kJsvJN")): Object: 'Object Repository/Page_Spectrum community/img_Explore_style__Img-u3znqr-3 kJsvJN' is clicked on

2019-05-23 08:06:05 - [MESSAGE][PASSED] - Object: 'Object Repository/Page_Spectrum community/img_Explore_style__Img-u3znqr-3 kJsvJN' is clicked on

2019-05-23 08:06:05 - [TEST_STEP][PASSED] - navigateToUrl("http://localhost:3000/explore"): Navigate to 'http://localhost:3000/explore' successfully

2019-05-23 08:06:08 - [MESSAGE][PASSED] - Navigate to 'http://localhost:3000/explore' successfully

2019-05-23 08:06:08 - [TEST_STEP][PASSED] - if (verifyElementNotPresent(findTestObject("Object Repository/Page_Explore/button_abc"), 25, OPTIONAL) == true): Web element with id: 'Object Repository/Page_Explore/button_abc' located by 'By.xpath: id("root")/div[@class="style__StyledAppViewWrapper-sc-1cyw1w0-0 iDTxIk"]/div[@class="style__NavigationWrapper-sc-1lxh6l2-3 olYdK"]/div[@class="style__NavigationGrid-sc-1lxh6l2-5 cyPoXN"]/div[@class="style__AvatarGrid-sc-1lxh6l2-6 kWLEke"]/a[@class="style__AvatarLink-sc-1lxh6l2-7 bWCJDQ"][count(. | //*[(text() = 'abc' or . = 'abc')]) = count(//*[(text() = 'abc' or . = 'abc')])]' is present after '25' second(s) (Root cause: com.kms.katalon.core.exception.StepFailedException: Web element with id: 'Object Repository/Page_Explore/button_abc' located by 'By.xpath: id("root")/div[@class="style__StyledAppViewWrapper-sc-1cyw1w0-0 iDTxIk"]/div[@class="style__NavigationWrapper-sc-1lxh6l2-3 olYdK"]/div[@class="style__NavigationGrid-sc-1lxh6l2-5 cyPoXN"]/div[@class="style__AvatarGrid-sc-1lxh6l2-6 kWLEke"]/a[@class="style__AvatarLink-sc-1lxh6l2-7 bWCJDQ"][count(. | //*[(text() = 'abc' or . = 'abc')]) = count(//*[(text() = 'abc' or . = 'abc')])]' is present after '25' second(s)
	at com.kms.katalon.core.webui.keyword.internal.WebUIKeywordMain.stepFailed(WebUIKeywordMain.groovy:64)
	at com.kms.katalon.core.webui.keyword.builtin.VerifyElementNotPresentKeyword$_verifyElementNotPresent_closure1.doCall(VerifyElementNotPresentKeyword.groovy:107)
	at com.kms.katalon.core.webui.keyword.builtin.VerifyElementNotPresentKeyword$_verifyElementNotPresent_closure1.call(VerifyElementNotPresentKeyword.groovy)
	at com.kms.katalon.core.webui.keyword.internal.WebUIKeywordMain.runKeyword(WebUIKeywordMain.groovy:20)
	at com.kms.katalon.core.webui.keyword.builtin.VerifyElementNotPresentKeyword.verifyElementNotPresent(VerifyElementNotPresentKeyword.groovy:118)
	at com.kms.katalon.core.webui.keyword.builtin.VerifyElementNotPresentKeyword.execute(VerifyElementNotPresentKeyword.groovy:68)
	at com.kms.katalon.core.keyword.internal.KeywordExecutor.executeKeywordForPlatform(KeywordExecutor.groovy:56)
	at com.kms.katalon.core.webui.keyword.WebUiBuiltInKeywords.verifyElementNotPresent(WebUiBuiltInKeywords.groovy:1451)
	at com.kms.katalon.core.webui.keyword.WebUiBuiltInKeywords$verifyElementNotPresent$4.call(Unknown Source)
	at Create Channel use Internal Data.run(Create Channel use Internal Data:34)
	at com.kms.katalon.core.main.ScriptEngine.run(ScriptEngine.java:194)
	at com.kms.katalon.core.main.ScriptEngine.runScriptAsRawText(ScriptEngine.java:119)
	at com.kms.katalon.core.main.TestCaseExecutor.runScript(TestCaseExecutor.java:336)
	at com.kms.katalon.core.main.TestCaseExecutor.doExecute(TestCaseExecutor.java:327)
	at com.kms.katalon.core.main.TestCaseExecutor.processExecutionPhase(TestCaseExecutor.java:306)
	at com.kms.katalon.core.main.TestCaseExecutor.accessMainPhase(TestCaseExecutor.java:298)
	at com.kms.katalon.core.main.TestCaseExecutor.execute(TestCaseExecutor.java:232)
	at com.kms.katalon.core.main.TestSuiteExecutor.accessTestCaseMainPhase(TestSuiteExecutor.java:129)
	at com.kms.katalon.core.main.TestSuiteExecutor.accessTestSuiteMainPhase(TestSuiteExecutor.java:112)
	at com.kms.katalon.core.main.TestSuiteExecutor.execute(TestSuiteExecutor.java:81)
	at com.kms.katalon.core.main.TestCaseMain.startTestSuite(TestCaseMain.java:157)
	at com.kms.katalon.core.main.TestCaseMain$startTestSuite$0.call(Unknown Source)
	at TempTestSuite1558573488415.run(TempTestSuite1558573488415.groovy:35)
)

2019-05-23 08:06:33 - [MESSAGE][WARNING] - Web element with id: 'Object Repository/Page_Explore/button_abc' located by 'By.xpath: id("root")/div[@class="style__StyledAppViewWrapper-sc-1cyw1w0-0 iDTxIk"]/div[@class="style__NavigationWrapper-sc-1lxh6l2-3 olYdK"]/div[@class="style__NavigationGrid-sc-1lxh6l2-5 cyPoXN"]/div[@class="style__AvatarGrid-sc-1lxh6l2-6 kWLEke"]/a[@class="style__AvatarLink-sc-1lxh6l2-7 bWCJDQ"][count(. | //*[(text() = 'abc' or . = 'abc')]) = count(//*[(text() = 'abc' or . = 'abc')])]' is present after '25' second(s) (Root cause: com.kms.katalon.core.exception.StepFailedException: Web element with id: 'Object Repository/Page_Explore/button_abc' located by 'By.xpath: id("root")/div[@class="style__StyledAppViewWrapper-sc-1cyw1w0-0 iDTxIk"]/div[@class="style__NavigationWrapper-sc-1lxh6l2-3 olYdK"]/div[@class="style__NavigationGrid-sc-1lxh6l2-5 cyPoXN"]/div[@class="style__AvatarGrid-sc-1lxh6l2-6 kWLEke"]/a[@class="style__AvatarLink-sc-1lxh6l2-7 bWCJDQ"][count(. | //*[(text() = 'abc' or . = 'abc')]) = count(//*[(text() = 'abc' or . = 'abc')])]' is present after '25' second(s)
	at com.kms.katalon.core.webui.keyword.internal.WebUIKeywordMain.stepFailed(WebUIKeywordMain.groovy:64)
	at com.kms.katalon.core.webui.keyword.builtin.VerifyElementNotPresentKeyword$_verifyElementNotPresent_closure1.doCall(VerifyElementNotPresentKeyword.groovy:107)
	at com.kms.katalon.core.webui.keyword.builtin.VerifyElementNotPresentKeyword$_verifyElementNotPresent_closure1.call(VerifyElementNotPresentKeyword.groovy)
	at com.kms.katalon.core.webui.keyword.internal.WebUIKeywordMain.runKeyword(WebUIKeywordMain.groovy:20)
	at com.kms.katalon.core.webui.keyword.builtin.VerifyElementNotPresentKeyword.verifyElementNotPresent(VerifyElementNotPresentKeyword.groovy:118)
	at com.kms.katalon.core.webui.keyword.builtin.VerifyElementNotPresentKeyword.execute(VerifyElementNotPresentKeyword.groovy:68)
	at com.kms.katalon.core.keyword.internal.KeywordExecutor.executeKeywordForPlatform(KeywordExecutor.groovy:56)
	at com.kms.katalon.core.webui.keyword.WebUiBuiltInKeywords.verifyElementNotPresent(WebUiBuiltInKeywords.groovy:1451)
	at com.kms.katalon.core.webui.keyword.WebUiBuiltInKeywords$verifyElementNotPresent$4.call(Unknown Source)
	at Create Channel use Internal Data.run(Create Channel use Internal Data:34)
	at com.kms.katalon.core.main.ScriptEngine.run(ScriptEngine.java:194)
	at com.kms.katalon.core.main.ScriptEngine.runScriptAsRawText(ScriptEngine.java:119)
	at com.kms.katalon.core.main.TestCaseExecutor.runScript(TestCaseExecutor.java:336)
	at com.kms.katalon.core.main.TestCaseExecutor.doExecute(TestCaseExecutor.java:327)
	at com.kms.katalon.core.main.TestCaseExecutor.processExecutionPhase(TestCaseExecutor.java:306)
	at com.kms.katalon.core.main.TestCaseExecutor.accessMainPhase(TestCaseExecutor.java:298)
	at com.kms.katalon.core.main.TestCaseExecutor.execute(TestCaseExecutor.java:232)
	at com.kms.katalon.core.main.TestSuiteExecutor.accessTestCaseMainPhase(TestSuiteExecutor.java:129)
	at com.kms.katalon.core.main.TestSuiteExecutor.accessTestSuiteMainPhase(TestSuiteExecutor.java:112)
	at com.kms.katalon.core.main.TestSuiteExecutor.execute(TestSuiteExecutor.java:81)
	at com.kms.katalon.core.main.TestCaseMain.startTestSuite(TestCaseMain.java:157)
	at com.kms.katalon.core.main.TestCaseMain$startTestSuite$0.call(Unknown Source)
	at TempTestSuite1558573488415.run(TempTestSuite1558573488415.groovy:35)
)
[[ATTACHMENT|D:\\HCMUS DATA\\Tern2-4th\\CCDNCTPTPM\\BT\\HW2\\Project\\TED_Team-Test_Project\\TED_Team-Test_Project\\Reports\\15 Driven Test using Internal Data\\Test Suite Create Channel Internal Data\\20190523_080448\\1558573593443.png]]

2019-05-23 08:06:33 - [TEST_STEP][PASSED] - else: Object: 'Object Repository/Page_abc settings/button_Create Channel 7' is clicked on

2019-05-23 08:06:33 - [TEST_STEP][PASSED] - navigateToUrl("http://localhost:3000/abc?tab=posts"): Navigate to 'http://localhost:3000/abc?tab=posts' successfully

2019-05-23 08:06:34 - [MESSAGE][PASSED] - Navigate to 'http://localhost:3000/abc?tab=posts' successfully

2019-05-23 08:06:34 - [TEST_STEP][PASSED] - click(findTestObject("Page_abc community/button_Settings")): Object: 'Object Repository/Page_abc community/button_Settings' is clicked on

2019-05-23 08:06:36 - [MESSAGE][PASSED] - Object: 'Object Repository/Page_abc community/button_Settings' is clicked on

2019-05-23 08:06:36 - [TEST_STEP][PASSED] - delay(3): Delayed 3 second(s)

2019-05-23 08:06:39 - [MESSAGE][PASSED] - Delayed 3 second(s)

2019-05-23 08:06:39 - [TEST_STEP][PASSED] - click(findTestObject("Page_abc settings/button_Create Channel")): Object: 'Object Repository/Page_abc settings/button_Create Channel' is clicked on

2019-05-23 08:06:40 - [MESSAGE][PASSED] - Object: 'Object Repository/Page_abc settings/button_Create Channel' is clicked on

2019-05-23 08:06:40 - [TEST_STEP][PASSED] - setText(findTestObject("Page_abc settings/input_Channel Name_name"), channel_name): Text 'channel 12' is set on object 'Object Repository/Page_abc settings/input_Channel Name_name'

2019-05-23 08:06:40 - [MESSAGE][PASSED] - Text 'channel 12' is set on object 'Object Repository/Page_abc settings/input_Channel Name_name'

2019-05-23 08:06:40 - [TEST_STEP][PASSED] - setText(findTestObject("Page_abc settings/textarea_ht"), channel_detail): Text 'This is detail of channel 12' is set on object 'Object Repository/Page_abc settings/textarea_ht'

2019-05-23 08:06:40 - [MESSAGE][PASSED] - Text 'This is detail of channel 12' is set on object 'Object Repository/Page_abc settings/textarea_ht'

2019-05-23 08:06:40 - [TEST_STEP][PASSED] - click(findTestObject("Page_abc settings/button_Create Channel 7")): Object: 'Object Repository/Page_abc settings/button_Create Channel 7' is clicked on

2019-05-23 08:06:40 - [MESSAGE][PASSED] - Object: 'Object Repository/Page_abc settings/button_Create Channel 7' is clicked on]]></system-out>
         <system-err><![CDATA[]]></system-err>
      </testcase>
      <testcase name="Test Cases/20 Data-driven test case/Create Channel use Internal Data" classname="Test Cases/20 Data-driven test case/Create Channel use Internal Data" status="PASSED">
         <system-out><![CDATA[2019-05-23 08:06:40 - [TEST_CASE][PASSED] - Test Cases/20 Data-driven test case/Create Channel use Internal Data: Test Cases/20 Data-driven test case/Create Channel use Internal Data

2019-05-23 08:06:41 - [TEST_STEP][PASSED] - openBrowser(""): Browser is opened with url: ''

2019-05-23 08:06:41 - [MESSAGE][WARNING] - A browser is already opened. Closing browser and opening a new one

2019-05-23 08:06:42 - [MESSAGE][INFO] - Starting 'Firefox' driver

2019-05-23 08:06:45 - [MESSAGE][PASSED] - Browser is opened with url: ''

2019-05-23 08:06:45 - [TEST_STEP][PASSED] - navigateToUrl("http://localhost:3000/"): Navigate to 'http://localhost:3000/' successfully

2019-05-23 08:06:46 - [MESSAGE][PASSED] - Navigate to 'http://localhost:3000/' successfully

2019-05-23 08:06:46 - [TEST_STEP][PASSED] - click(findTestObject("Page_Spectrum/button_Log in or sign up")): Object: 'Object Repository/Page_Spectrum/button_Log in or sign up' is clicked on

2019-05-23 08:06:48 - [MESSAGE][PASSED] - Object: 'Object Repository/Page_Spectrum/button_Log in or sign up' is clicked on

2019-05-23 08:06:48 - [TEST_STEP][PASSED] - click(findTestObject("Page_Spectrum/span_Sign in with GitHub")): Object: 'Object Repository/Page_Spectrum/span_Sign in with GitHub' is clicked on

2019-05-23 08:06:50 - [MESSAGE][PASSED] - Object: 'Object Repository/Page_Spectrum/span_Sign in with GitHub' is clicked on

2019-05-23 08:06:50 - [TEST_STEP][PASSED] - setText(findTestObject("Page_Sign in to GitHub  GitHub/input_Username or email address_login"), "minhcuongit"): Text 'minhcuongit' is set on object 'Object Repository/Page_Sign in to GitHub  GitHub/input_Username or email address_login'

2019-05-23 08:06:50 - [MESSAGE][PASSED] - Text 'minhcuongit' is set on object 'Object Repository/Page_Sign in to GitHub  GitHub/input_Username or email address_login'

2019-05-23 08:06:50 - [TEST_STEP][PASSED] - setEncryptedText(findTestObject("Page_Sign in to GitHub  GitHub/input_Forgot password_password"), "9e5/e4jZbrkRPxL/am/6uYGu2iBUrIMS"): Text ****** has been set on object 'Object Repository/Page_Sign in to GitHub  GitHub/input_Forgot password_password'

2019-05-23 08:06:50 - [MESSAGE][PASSED] - Text ****** has been set on object 'Object Repository/Page_Sign in to GitHub  GitHub/input_Forgot password_password'

2019-05-23 08:06:50 - [TEST_STEP][PASSED] - click(findTestObject("Page_Sign in to GitHub  GitHub/input_Forgot password_commit")): Object: 'Object Repository/Page_Sign in to GitHub  GitHub/input_Forgot password_commit' is clicked on

2019-05-23 08:06:54 - [MESSAGE][PASSED] - Object: 'Object Repository/Page_Sign in to GitHub  GitHub/input_Forgot password_commit' is clicked on

2019-05-23 08:06:54 - [TEST_STEP][PASSED] - click(findTestObject("Page_Spectrum community/img_Explore_style__Img-u3znqr-3 kJsvJN")): Object: 'Object Repository/Page_Spectrum community/img_Explore_style__Img-u3znqr-3 kJsvJN' is clicked on

2019-05-23 08:06:58 - [MESSAGE][PASSED] - Object: 'Object Repository/Page_Spectrum community/img_Explore_style__Img-u3znqr-3 kJsvJN' is clicked on

2019-05-23 08:06:58 - [TEST_STEP][PASSED] - navigateToUrl("http://localhost:3000/explore"): Navigate to 'http://localhost:3000/explore' successfully

2019-05-23 08:07:01 - [MESSAGE][PASSED] - Navigate to 'http://localhost:3000/explore' successfully

2019-05-23 08:07:01 - [TEST_STEP][PASSED] - if (verifyElementNotPresent(findTestObject("Object Repository/Page_Explore/button_abc"), 25, OPTIONAL) == true): Web element with id: 'Object Repository/Page_Explore/button_abc' located by 'By.xpath: id("root")/div[@class="style__StyledAppViewWrapper-sc-1cyw1w0-0 iDTxIk"]/div[@class="style__NavigationWrapper-sc-1lxh6l2-3 olYdK"]/div[@class="style__NavigationGrid-sc-1lxh6l2-5 cyPoXN"]/div[@class="style__AvatarGrid-sc-1lxh6l2-6 kWLEke"]/a[@class="style__AvatarLink-sc-1lxh6l2-7 bWCJDQ"][count(. | //*[(text() = 'abc' or . = 'abc')]) = count(//*[(text() = 'abc' or . = 'abc')])]' is present after '25' second(s) (Root cause: com.kms.katalon.core.exception.StepFailedException: Web element with id: 'Object Repository/Page_Explore/button_abc' located by 'By.xpath: id("root")/div[@class="style__StyledAppViewWrapper-sc-1cyw1w0-0 iDTxIk"]/div[@class="style__NavigationWrapper-sc-1lxh6l2-3 olYdK"]/div[@class="style__NavigationGrid-sc-1lxh6l2-5 cyPoXN"]/div[@class="style__AvatarGrid-sc-1lxh6l2-6 kWLEke"]/a[@class="style__AvatarLink-sc-1lxh6l2-7 bWCJDQ"][count(. | //*[(text() = 'abc' or . = 'abc')]) = count(//*[(text() = 'abc' or . = 'abc')])]' is present after '25' second(s)
	at com.kms.katalon.core.webui.keyword.internal.WebUIKeywordMain.stepFailed(WebUIKeywordMain.groovy:64)
	at com.kms.katalon.core.webui.keyword.builtin.VerifyElementNotPresentKeyword$_verifyElementNotPresent_closure1.doCall(VerifyElementNotPresentKeyword.groovy:107)
	at com.kms.katalon.core.webui.keyword.builtin.VerifyElementNotPresentKeyword$_verifyElementNotPresent_closure1.call(VerifyElementNotPresentKeyword.groovy)
	at com.kms.katalon.core.webui.keyword.internal.WebUIKeywordMain.runKeyword(WebUIKeywordMain.groovy:20)
	at com.kms.katalon.core.webui.keyword.builtin.VerifyElementNotPresentKeyword.verifyElementNotPresent(VerifyElementNotPresentKeyword.groovy:118)
	at com.kms.katalon.core.webui.keyword.builtin.VerifyElementNotPresentKeyword.execute(VerifyElementNotPresentKeyword.groovy:68)
	at com.kms.katalon.core.keyword.internal.KeywordExecutor.executeKeywordForPlatform(KeywordExecutor.groovy:56)
	at com.kms.katalon.core.webui.keyword.WebUiBuiltInKeywords.verifyElementNotPresent(WebUiBuiltInKeywords.groovy:1451)
	at com.kms.katalon.core.webui.keyword.WebUiBuiltInKeywords$verifyElementNotPresent$4.call(Unknown Source)
	at Create Channel use Internal Data.run(Create Channel use Internal Data:34)
	at com.kms.katalon.core.main.ScriptEngine.run(ScriptEngine.java:194)
	at com.kms.katalon.core.main.ScriptEngine.runScriptAsRawText(ScriptEngine.java:119)
	at com.kms.katalon.core.main.TestCaseExecutor.runScript(TestCaseExecutor.java:336)
	at com.kms.katalon.core.main.TestCaseExecutor.doExecute(TestCaseExecutor.java:327)
	at com.kms.katalon.core.main.TestCaseExecutor.processExecutionPhase(TestCaseExecutor.java:306)
	at com.kms.katalon.core.main.TestCaseExecutor.accessMainPhase(TestCaseExecutor.java:298)
	at com.kms.katalon.core.main.TestCaseExecutor.execute(TestCaseExecutor.java:232)
	at com.kms.katalon.core.main.TestSuiteExecutor.accessTestCaseMainPhase(TestSuiteExecutor.java:129)
	at com.kms.katalon.core.main.TestSuiteExecutor.accessTestSuiteMainPhase(TestSuiteExecutor.java:112)
	at com.kms.katalon.core.main.TestSuiteExecutor.execute(TestSuiteExecutor.java:81)
	at com.kms.katalon.core.main.TestCaseMain.startTestSuite(TestCaseMain.java:157)
	at com.kms.katalon.core.main.TestCaseMain$startTestSuite$0.call(Unknown Source)
	at TempTestSuite1558573488415.run(TempTestSuite1558573488415.groovy:35)
)

2019-05-23 08:07:26 - [MESSAGE][WARNING] - Web element with id: 'Object Repository/Page_Explore/button_abc' located by 'By.xpath: id("root")/div[@class="style__StyledAppViewWrapper-sc-1cyw1w0-0 iDTxIk"]/div[@class="style__NavigationWrapper-sc-1lxh6l2-3 olYdK"]/div[@class="style__NavigationGrid-sc-1lxh6l2-5 cyPoXN"]/div[@class="style__AvatarGrid-sc-1lxh6l2-6 kWLEke"]/a[@class="style__AvatarLink-sc-1lxh6l2-7 bWCJDQ"][count(. | //*[(text() = 'abc' or . = 'abc')]) = count(//*[(text() = 'abc' or . = 'abc')])]' is present after '25' second(s) (Root cause: com.kms.katalon.core.exception.StepFailedException: Web element with id: 'Object Repository/Page_Explore/button_abc' located by 'By.xpath: id("root")/div[@class="style__StyledAppViewWrapper-sc-1cyw1w0-0 iDTxIk"]/div[@class="style__NavigationWrapper-sc-1lxh6l2-3 olYdK"]/div[@class="style__NavigationGrid-sc-1lxh6l2-5 cyPoXN"]/div[@class="style__AvatarGrid-sc-1lxh6l2-6 kWLEke"]/a[@class="style__AvatarLink-sc-1lxh6l2-7 bWCJDQ"][count(. | //*[(text() = 'abc' or . = 'abc')]) = count(//*[(text() = 'abc' or . = 'abc')])]' is present after '25' second(s)
	at com.kms.katalon.core.webui.keyword.internal.WebUIKeywordMain.stepFailed(WebUIKeywordMain.groovy:64)
	at com.kms.katalon.core.webui.keyword.builtin.VerifyElementNotPresentKeyword$_verifyElementNotPresent_closure1.doCall(VerifyElementNotPresentKeyword.groovy:107)
	at com.kms.katalon.core.webui.keyword.builtin.VerifyElementNotPresentKeyword$_verifyElementNotPresent_closure1.call(VerifyElementNotPresentKeyword.groovy)
	at com.kms.katalon.core.webui.keyword.internal.WebUIKeywordMain.runKeyword(WebUIKeywordMain.groovy:20)
	at com.kms.katalon.core.webui.keyword.builtin.VerifyElementNotPresentKeyword.verifyElementNotPresent(VerifyElementNotPresentKeyword.groovy:118)
	at com.kms.katalon.core.webui.keyword.builtin.VerifyElementNotPresentKeyword.execute(VerifyElementNotPresentKeyword.groovy:68)
	at com.kms.katalon.core.keyword.internal.KeywordExecutor.executeKeywordForPlatform(KeywordExecutor.groovy:56)
	at com.kms.katalon.core.webui.keyword.WebUiBuiltInKeywords.verifyElementNotPresent(WebUiBuiltInKeywords.groovy:1451)
	at com.kms.katalon.core.webui.keyword.WebUiBuiltInKeywords$verifyElementNotPresent$4.call(Unknown Source)
	at Create Channel use Internal Data.run(Create Channel use Internal Data:34)
	at com.kms.katalon.core.main.ScriptEngine.run(ScriptEngine.java:194)
	at com.kms.katalon.core.main.ScriptEngine.runScriptAsRawText(ScriptEngine.java:119)
	at com.kms.katalon.core.main.TestCaseExecutor.runScript(TestCaseExecutor.java:336)
	at com.kms.katalon.core.main.TestCaseExecutor.doExecute(TestCaseExecutor.java:327)
	at com.kms.katalon.core.main.TestCaseExecutor.processExecutionPhase(TestCaseExecutor.java:306)
	at com.kms.katalon.core.main.TestCaseExecutor.accessMainPhase(TestCaseExecutor.java:298)
	at com.kms.katalon.core.main.TestCaseExecutor.execute(TestCaseExecutor.java:232)
	at com.kms.katalon.core.main.TestSuiteExecutor.accessTestCaseMainPhase(TestSuiteExecutor.java:129)
	at com.kms.katalon.core.main.TestSuiteExecutor.accessTestSuiteMainPhase(TestSuiteExecutor.java:112)
	at com.kms.katalon.core.main.TestSuiteExecutor.execute(TestSuiteExecutor.java:81)
	at com.kms.katalon.core.main.TestCaseMain.startTestSuite(TestCaseMain.java:157)
	at com.kms.katalon.core.main.TestCaseMain$startTestSuite$0.call(Unknown Source)
	at TempTestSuite1558573488415.run(TempTestSuite1558573488415.groovy:35)
)
[[ATTACHMENT|D:\\HCMUS DATA\\Tern2-4th\\CCDNCTPTPM\\BT\\HW2\\Project\\TED_Team-Test_Project\\TED_Team-Test_Project\\Reports\\15 Driven Test using Internal Data\\Test Suite Create Channel Internal Data\\20190523_080448\\1558573646321.png]]

2019-05-23 08:07:26 - [TEST_STEP][PASSED] - else: Object: 'Object Repository/Page_abc settings/button_Create Channel 7' is clicked on

2019-05-23 08:07:26 - [TEST_STEP][PASSED] - navigateToUrl("http://localhost:3000/abc?tab=posts"): Navigate to 'http://localhost:3000/abc?tab=posts' successfully

2019-05-23 08:07:27 - [MESSAGE][PASSED] - Navigate to 'http://localhost:3000/abc?tab=posts' successfully

2019-05-23 08:07:27 - [TEST_STEP][PASSED] - click(findTestObject("Page_abc community/button_Settings")): Object: 'Object Repository/Page_abc community/button_Settings' is clicked on

2019-05-23 08:07:29 - [MESSAGE][PASSED] - Object: 'Object Repository/Page_abc community/button_Settings' is clicked on

2019-05-23 08:07:29 - [TEST_STEP][PASSED] - delay(3): Delayed 3 second(s)

2019-05-23 08:07:32 - [MESSAGE][PASSED] - Delayed 3 second(s)

2019-05-23 08:07:32 - [TEST_STEP][PASSED] - click(findTestObject("Page_abc settings/button_Create Channel")): Object: 'Object Repository/Page_abc settings/button_Create Channel' is clicked on

2019-05-23 08:07:33 - [MESSAGE][PASSED] - Object: 'Object Repository/Page_abc settings/button_Create Channel' is clicked on

2019-05-23 08:07:33 - [TEST_STEP][PASSED] - setText(findTestObject("Page_abc settings/input_Channel Name_name"), channel_name): Text 'channel 13' is set on object 'Object Repository/Page_abc settings/input_Channel Name_name'

2019-05-23 08:07:33 - [MESSAGE][PASSED] - Text 'channel 13' is set on object 'Object Repository/Page_abc settings/input_Channel Name_name'

2019-05-23 08:07:33 - [TEST_STEP][PASSED] - setText(findTestObject("Page_abc settings/textarea_ht"), channel_detail): Text 'This is detail of channel 13' is set on object 'Object Repository/Page_abc settings/textarea_ht'

2019-05-23 08:07:33 - [MESSAGE][PASSED] - Text 'This is detail of channel 13' is set on object 'Object Repository/Page_abc settings/textarea_ht'

2019-05-23 08:07:33 - [TEST_STEP][PASSED] - click(findTestObject("Page_abc settings/button_Create Channel 7")): Object: 'Object Repository/Page_abc settings/button_Create Channel 7' is clicked on

2019-05-23 08:07:34 - [MESSAGE][PASSED] - Object: 'Object Repository/Page_abc settings/button_Create Channel 7' is clicked on]]></system-out>
         <system-err><![CDATA[]]></system-err>
      </testcase>
      <testcase name="Test Cases/20 Data-driven test case/Create Channel use Internal Data" classname="Test Cases/20 Data-driven test case/Create Channel use Internal Data" status="PASSED">
         <system-out><![CDATA[2019-05-23 08:07:34 - [TEST_CASE][PASSED] - Test Cases/20 Data-driven test case/Create Channel use Internal Data: Test Cases/20 Data-driven test case/Create Channel use Internal Data

2019-05-23 08:07:34 - [TEST_STEP][PASSED] - openBrowser(""): Browser is opened with url: ''

2019-05-23 08:07:34 - [MESSAGE][WARNING] - A browser is already opened. Closing browser and opening a new one

2019-05-23 08:07:35 - [MESSAGE][INFO] - Starting 'Firefox' driver

2019-05-23 08:07:38 - [MESSAGE][PASSED] - Browser is opened with url: ''

2019-05-23 08:07:38 - [TEST_STEP][PASSED] - navigateToUrl("http://localhost:3000/"): Navigate to 'http://localhost:3000/' successfully

2019-05-23 08:07:40 - [MESSAGE][PASSED] - Navigate to 'http://localhost:3000/' successfully

2019-05-23 08:07:40 - [TEST_STEP][PASSED] - click(findTestObject("Page_Spectrum/button_Log in or sign up")): Object: 'Object Repository/Page_Spectrum/button_Log in or sign up' is clicked on

2019-05-23 08:07:41 - [MESSAGE][PASSED] - Object: 'Object Repository/Page_Spectrum/button_Log in or sign up' is clicked on

2019-05-23 08:07:41 - [TEST_STEP][PASSED] - click(findTestObject("Page_Spectrum/span_Sign in with GitHub")): Object: 'Object Repository/Page_Spectrum/span_Sign in with GitHub' is clicked on

2019-05-23 08:07:43 - [MESSAGE][PASSED] - Object: 'Object Repository/Page_Spectrum/span_Sign in with GitHub' is clicked on

2019-05-23 08:07:43 - [TEST_STEP][PASSED] - setText(findTestObject("Page_Sign in to GitHub  GitHub/input_Username or email address_login"), "minhcuongit"): Text 'minhcuongit' is set on object 'Object Repository/Page_Sign in to GitHub  GitHub/input_Username or email address_login'

2019-05-23 08:07:43 - [MESSAGE][PASSED] - Text 'minhcuongit' is set on object 'Object Repository/Page_Sign in to GitHub  GitHub/input_Username or email address_login'

2019-05-23 08:07:43 - [TEST_STEP][PASSED] - setEncryptedText(findTestObject("Page_Sign in to GitHub  GitHub/input_Forgot password_password"), "9e5/e4jZbrkRPxL/am/6uYGu2iBUrIMS"): Text ****** has been set on object 'Object Repository/Page_Sign in to GitHub  GitHub/input_Forgot password_password'

2019-05-23 08:07:43 - [MESSAGE][PASSED] - Text ****** has been set on object 'Object Repository/Page_Sign in to GitHub  GitHub/input_Forgot password_password'

2019-05-23 08:07:43 - [TEST_STEP][PASSED] - click(findTestObject("Page_Sign in to GitHub  GitHub/input_Forgot password_commit")): Object: 'Object Repository/Page_Sign in to GitHub  GitHub/input_Forgot password_commit' is clicked on

2019-05-23 08:07:47 - [MESSAGE][PASSED] - Object: 'Object Repository/Page_Sign in to GitHub  GitHub/input_Forgot password_commit' is clicked on

2019-05-23 08:07:47 - [TEST_STEP][PASSED] - click(findTestObject("Page_Spectrum community/img_Explore_style__Img-u3znqr-3 kJsvJN")): Object: 'Object Repository/Page_Spectrum community/img_Explore_style__Img-u3znqr-3 kJsvJN' is clicked on

2019-05-23 08:07:51 - [MESSAGE][PASSED] - Object: 'Object Repository/Page_Spectrum community/img_Explore_style__Img-u3znqr-3 kJsvJN' is clicked on

2019-05-23 08:07:51 - [TEST_STEP][PASSED] - navigateToUrl("http://localhost:3000/explore"): Navigate to 'http://localhost:3000/explore' successfully

2019-05-23 08:07:54 - [MESSAGE][PASSED] - Navigate to 'http://localhost:3000/explore' successfully

2019-05-23 08:07:54 - [TEST_STEP][PASSED] - if (verifyElementNotPresent(findTestObject("Object Repository/Page_Explore/button_abc"), 25, OPTIONAL) == true): Web element with id: 'Object Repository/Page_Explore/button_abc' located by 'By.xpath: id("root")/div[@class="style__StyledAppViewWrapper-sc-1cyw1w0-0 iDTxIk"]/div[@class="style__NavigationWrapper-sc-1lxh6l2-3 olYdK"]/div[@class="style__NavigationGrid-sc-1lxh6l2-5 cyPoXN"]/div[@class="style__AvatarGrid-sc-1lxh6l2-6 kWLEke"]/a[@class="style__AvatarLink-sc-1lxh6l2-7 bWCJDQ"][count(. | //*[(text() = 'abc' or . = 'abc')]) = count(//*[(text() = 'abc' or . = 'abc')])]' is present after '25' second(s) (Root cause: com.kms.katalon.core.exception.StepFailedException: Web element with id: 'Object Repository/Page_Explore/button_abc' located by 'By.xpath: id("root")/div[@class="style__StyledAppViewWrapper-sc-1cyw1w0-0 iDTxIk"]/div[@class="style__NavigationWrapper-sc-1lxh6l2-3 olYdK"]/div[@class="style__NavigationGrid-sc-1lxh6l2-5 cyPoXN"]/div[@class="style__AvatarGrid-sc-1lxh6l2-6 kWLEke"]/a[@class="style__AvatarLink-sc-1lxh6l2-7 bWCJDQ"][count(. | //*[(text() = 'abc' or . = 'abc')]) = count(//*[(text() = 'abc' or . = 'abc')])]' is present after '25' second(s)
	at com.kms.katalon.core.webui.keyword.internal.WebUIKeywordMain.stepFailed(WebUIKeywordMain.groovy:64)
	at com.kms.katalon.core.webui.keyword.builtin.VerifyElementNotPresentKeyword$_verifyElementNotPresent_closure1.doCall(VerifyElementNotPresentKeyword.groovy:107)
	at com.kms.katalon.core.webui.keyword.builtin.VerifyElementNotPresentKeyword$_verifyElementNotPresent_closure1.call(VerifyElementNotPresentKeyword.groovy)
	at com.kms.katalon.core.webui.keyword.internal.WebUIKeywordMain.runKeyword(WebUIKeywordMain.groovy:20)
	at com.kms.katalon.core.webui.keyword.builtin.VerifyElementNotPresentKeyword.verifyElementNotPresent(VerifyElementNotPresentKeyword.groovy:118)
	at com.kms.katalon.core.webui.keyword.builtin.VerifyElementNotPresentKeyword.execute(VerifyElementNotPresentKeyword.groovy:68)
	at com.kms.katalon.core.keyword.internal.KeywordExecutor.executeKeywordForPlatform(KeywordExecutor.groovy:56)
	at com.kms.katalon.core.webui.keyword.WebUiBuiltInKeywords.verifyElementNotPresent(WebUiBuiltInKeywords.groovy:1451)
	at com.kms.katalon.core.webui.keyword.WebUiBuiltInKeywords$verifyElementNotPresent$4.call(Unknown Source)
	at Create Channel use Internal Data.run(Create Channel use Internal Data:34)
	at com.kms.katalon.core.main.ScriptEngine.run(ScriptEngine.java:194)
	at com.kms.katalon.core.main.ScriptEngine.runScriptAsRawText(ScriptEngine.java:119)
	at com.kms.katalon.core.main.TestCaseExecutor.runScript(TestCaseExecutor.java:336)
	at com.kms.katalon.core.main.TestCaseExecutor.doExecute(TestCaseExecutor.java:327)
	at com.kms.katalon.core.main.TestCaseExecutor.processExecutionPhase(TestCaseExecutor.java:306)
	at com.kms.katalon.core.main.TestCaseExecutor.accessMainPhase(TestCaseExecutor.java:298)
	at com.kms.katalon.core.main.TestCaseExecutor.execute(TestCaseExecutor.java:232)
	at com.kms.katalon.core.main.TestSuiteExecutor.accessTestCaseMainPhase(TestSuiteExecutor.java:129)
	at com.kms.katalon.core.main.TestSuiteExecutor.accessTestSuiteMainPhase(TestSuiteExecutor.java:112)
	at com.kms.katalon.core.main.TestSuiteExecutor.execute(TestSuiteExecutor.java:81)
	at com.kms.katalon.core.main.TestCaseMain.startTestSuite(TestCaseMain.java:157)
	at com.kms.katalon.core.main.TestCaseMain$startTestSuite$0.call(Unknown Source)
	at TempTestSuite1558573488415.run(TempTestSuite1558573488415.groovy:35)
)

2019-05-23 08:08:19 - [MESSAGE][WARNING] - Web element with id: 'Object Repository/Page_Explore/button_abc' located by 'By.xpath: id("root")/div[@class="style__StyledAppViewWrapper-sc-1cyw1w0-0 iDTxIk"]/div[@class="style__NavigationWrapper-sc-1lxh6l2-3 olYdK"]/div[@class="style__NavigationGrid-sc-1lxh6l2-5 cyPoXN"]/div[@class="style__AvatarGrid-sc-1lxh6l2-6 kWLEke"]/a[@class="style__AvatarLink-sc-1lxh6l2-7 bWCJDQ"][count(. | //*[(text() = 'abc' or . = 'abc')]) = count(//*[(text() = 'abc' or . = 'abc')])]' is present after '25' second(s) (Root cause: com.kms.katalon.core.exception.StepFailedException: Web element with id: 'Object Repository/Page_Explore/button_abc' located by 'By.xpath: id("root")/div[@class="style__StyledAppViewWrapper-sc-1cyw1w0-0 iDTxIk"]/div[@class="style__NavigationWrapper-sc-1lxh6l2-3 olYdK"]/div[@class="style__NavigationGrid-sc-1lxh6l2-5 cyPoXN"]/div[@class="style__AvatarGrid-sc-1lxh6l2-6 kWLEke"]/a[@class="style__AvatarLink-sc-1lxh6l2-7 bWCJDQ"][count(. | //*[(text() = 'abc' or . = 'abc')]) = count(//*[(text() = 'abc' or . = 'abc')])]' is present after '25' second(s)
	at com.kms.katalon.core.webui.keyword.internal.WebUIKeywordMain.stepFailed(WebUIKeywordMain.groovy:64)
	at com.kms.katalon.core.webui.keyword.builtin.VerifyElementNotPresentKeyword$_verifyElementNotPresent_closure1.doCall(VerifyElementNotPresentKeyword.groovy:107)
	at com.kms.katalon.core.webui.keyword.builtin.VerifyElementNotPresentKeyword$_verifyElementNotPresent_closure1.call(VerifyElementNotPresentKeyword.groovy)
	at com.kms.katalon.core.webui.keyword.internal.WebUIKeywordMain.runKeyword(WebUIKeywordMain.groovy:20)
	at com.kms.katalon.core.webui.keyword.builtin.VerifyElementNotPresentKeyword.verifyElementNotPresent(VerifyElementNotPresentKeyword.groovy:118)
	at com.kms.katalon.core.webui.keyword.builtin.VerifyElementNotPresentKeyword.execute(VerifyElementNotPresentKeyword.groovy:68)
	at com.kms.katalon.core.keyword.internal.KeywordExecutor.executeKeywordForPlatform(KeywordExecutor.groovy:56)
	at com.kms.katalon.core.webui.keyword.WebUiBuiltInKeywords.verifyElementNotPresent(WebUiBuiltInKeywords.groovy:1451)
	at com.kms.katalon.core.webui.keyword.WebUiBuiltInKeywords$verifyElementNotPresent$4.call(Unknown Source)
	at Create Channel use Internal Data.run(Create Channel use Internal Data:34)
	at com.kms.katalon.core.main.ScriptEngine.run(ScriptEngine.java:194)
	at com.kms.katalon.core.main.ScriptEngine.runScriptAsRawText(ScriptEngine.java:119)
	at com.kms.katalon.core.main.TestCaseExecutor.runScript(TestCaseExecutor.java:336)
	at com.kms.katalon.core.main.TestCaseExecutor.doExecute(TestCaseExecutor.java:327)
	at com.kms.katalon.core.main.TestCaseExecutor.processExecutionPhase(TestCaseExecutor.java:306)
	at com.kms.katalon.core.main.TestCaseExecutor.accessMainPhase(TestCaseExecutor.java:298)
	at com.kms.katalon.core.main.TestCaseExecutor.execute(TestCaseExecutor.java:232)
	at com.kms.katalon.core.main.TestSuiteExecutor.accessTestCaseMainPhase(TestSuiteExecutor.java:129)
	at com.kms.katalon.core.main.TestSuiteExecutor.accessTestSuiteMainPhase(TestSuiteExecutor.java:112)
	at com.kms.katalon.core.main.TestSuiteExecutor.execute(TestSuiteExecutor.java:81)
	at com.kms.katalon.core.main.TestCaseMain.startTestSuite(TestCaseMain.java:157)
	at com.kms.katalon.core.main.TestCaseMain$startTestSuite$0.call(Unknown Source)
	at TempTestSuite1558573488415.run(TempTestSuite1558573488415.groovy:35)
)
[[ATTACHMENT|D:\\HCMUS DATA\\Tern2-4th\\CCDNCTPTPM\\BT\\HW2\\Project\\TED_Team-Test_Project\\TED_Team-Test_Project\\Reports\\15 Driven Test using Internal Data\\Test Suite Create Channel Internal Data\\20190523_080448\\1558573699778.png]]

2019-05-23 08:08:19 - [TEST_STEP][PASSED] - else: Object: 'Object Repository/Page_abc settings/button_Create Channel 7' is clicked on

2019-05-23 08:08:19 - [TEST_STEP][PASSED] - navigateToUrl("http://localhost:3000/abc?tab=posts"): Navigate to 'http://localhost:3000/abc?tab=posts' successfully

2019-05-23 08:08:21 - [MESSAGE][PASSED] - Navigate to 'http://localhost:3000/abc?tab=posts' successfully

2019-05-23 08:08:21 - [TEST_STEP][PASSED] - click(findTestObject("Page_abc community/button_Settings")): Object: 'Object Repository/Page_abc community/button_Settings' is clicked on

2019-05-23 08:08:23 - [MESSAGE][PASSED] - Object: 'Object Repository/Page_abc community/button_Settings' is clicked on

2019-05-23 08:08:23 - [TEST_STEP][PASSED] - delay(3): Delayed 3 second(s)

2019-05-23 08:08:26 - [MESSAGE][PASSED] - Delayed 3 second(s)

2019-05-23 08:08:26 - [TEST_STEP][PASSED] - click(findTestObject("Page_abc settings/button_Create Channel")): Object: 'Object Repository/Page_abc settings/button_Create Channel' is clicked on

2019-05-23 08:08:26 - [MESSAGE][PASSED] - Object: 'Object Repository/Page_abc settings/button_Create Channel' is clicked on

2019-05-23 08:08:26 - [TEST_STEP][PASSED] - setText(findTestObject("Page_abc settings/input_Channel Name_name"), channel_name): Text 'channel 14' is set on object 'Object Repository/Page_abc settings/input_Channel Name_name'

2019-05-23 08:08:26 - [MESSAGE][PASSED] - Text 'channel 14' is set on object 'Object Repository/Page_abc settings/input_Channel Name_name'

2019-05-23 08:08:26 - [TEST_STEP][PASSED] - setText(findTestObject("Page_abc settings/textarea_ht"), channel_detail): Text 'This is detail of channel 14' is set on object 'Object Repository/Page_abc settings/textarea_ht'

2019-05-23 08:08:27 - [MESSAGE][PASSED] - Text 'This is detail of channel 14' is set on object 'Object Repository/Page_abc settings/textarea_ht'

2019-05-23 08:08:27 - [TEST_STEP][PASSED] - click(findTestObject("Page_abc settings/button_Create Channel 7")): Object: 'Object Repository/Page_abc settings/button_Create Channel 7' is clicked on

2019-05-23 08:08:27 - [MESSAGE][PASSED] - Object: 'Object Repository/Page_abc settings/button_Create Channel 7' is clicked on]]></system-out>
         <system-err><![CDATA[]]></system-err>
      </testcase>
      <testcase name="Test Cases/20 Data-driven test case/Create Channel use Internal Data" classname="Test Cases/20 Data-driven test case/Create Channel use Internal Data" status="PASSED">
         <system-out><![CDATA[2019-05-23 08:08:27 - [TEST_CASE][PASSED] - Test Cases/20 Data-driven test case/Create Channel use Internal Data: Test Cases/20 Data-driven test case/Create Channel use Internal Data

2019-05-23 08:08:27 - [TEST_STEP][PASSED] - openBrowser(""): Browser is opened with url: ''

2019-05-23 08:08:27 - [MESSAGE][WARNING] - A browser is already opened. Closing browser and opening a new one

2019-05-23 08:08:28 - [MESSAGE][INFO] - Starting 'Firefox' driver

2019-05-23 08:08:31 - [MESSAGE][PASSED] - Browser is opened with url: ''

2019-05-23 08:08:31 - [TEST_STEP][PASSED] - navigateToUrl("http://localhost:3000/"): Navigate to 'http://localhost:3000/' successfully

2019-05-23 08:08:32 - [MESSAGE][PASSED] - Navigate to 'http://localhost:3000/' successfully

2019-05-23 08:08:32 - [TEST_STEP][PASSED] - click(findTestObject("Page_Spectrum/button_Log in or sign up")): Object: 'Object Repository/Page_Spectrum/button_Log in or sign up' is clicked on

2019-05-23 08:08:34 - [MESSAGE][PASSED] - Object: 'Object Repository/Page_Spectrum/button_Log in or sign up' is clicked on

2019-05-23 08:08:34 - [TEST_STEP][PASSED] - click(findTestObject("Page_Spectrum/span_Sign in with GitHub")): Object: 'Object Repository/Page_Spectrum/span_Sign in with GitHub' is clicked on

2019-05-23 08:08:36 - [MESSAGE][PASSED] - Object: 'Object Repository/Page_Spectrum/span_Sign in with GitHub' is clicked on

2019-05-23 08:08:36 - [TEST_STEP][PASSED] - setText(findTestObject("Page_Sign in to GitHub  GitHub/input_Username or email address_login"), "minhcuongit"): Text 'minhcuongit' is set on object 'Object Repository/Page_Sign in to GitHub  GitHub/input_Username or email address_login'

2019-05-23 08:08:36 - [MESSAGE][PASSED] - Text 'minhcuongit' is set on object 'Object Repository/Page_Sign in to GitHub  GitHub/input_Username or email address_login'

2019-05-23 08:08:36 - [TEST_STEP][PASSED] - setEncryptedText(findTestObject("Page_Sign in to GitHub  GitHub/input_Forgot password_password"), "9e5/e4jZbrkRPxL/am/6uYGu2iBUrIMS"): Text ****** has been set on object 'Object Repository/Page_Sign in to GitHub  GitHub/input_Forgot password_password'

2019-05-23 08:08:36 - [MESSAGE][PASSED] - Text ****** has been set on object 'Object Repository/Page_Sign in to GitHub  GitHub/input_Forgot password_password'

2019-05-23 08:08:36 - [TEST_STEP][PASSED] - click(findTestObject("Page_Sign in to GitHub  GitHub/input_Forgot password_commit")): Object: 'Object Repository/Page_Sign in to GitHub  GitHub/input_Forgot password_commit' is clicked on

2019-05-23 08:08:41 - [MESSAGE][PASSED] - Object: 'Object Repository/Page_Sign in to GitHub  GitHub/input_Forgot password_commit' is clicked on

2019-05-23 08:08:41 - [TEST_STEP][PASSED] - click(findTestObject("Page_Spectrum community/img_Explore_style__Img-u3znqr-3 kJsvJN")): Object: 'Object Repository/Page_Spectrum community/img_Explore_style__Img-u3znqr-3 kJsvJN' is clicked on

2019-05-23 08:08:45 - [MESSAGE][PASSED] - Object: 'Object Repository/Page_Spectrum community/img_Explore_style__Img-u3znqr-3 kJsvJN' is clicked on

2019-05-23 08:08:45 - [TEST_STEP][PASSED] - navigateToUrl("http://localhost:3000/explore"): Navigate to 'http://localhost:3000/explore' successfully

2019-05-23 08:08:47 - [MESSAGE][PASSED] - Navigate to 'http://localhost:3000/explore' successfully

2019-05-23 08:08:47 - [TEST_STEP][PASSED] - if (verifyElementNotPresent(findTestObject("Object Repository/Page_Explore/button_abc"), 25, OPTIONAL) == true): Web element with id: 'Object Repository/Page_Explore/button_abc' located by 'By.xpath: id("root")/div[@class="style__StyledAppViewWrapper-sc-1cyw1w0-0 iDTxIk"]/div[@class="style__NavigationWrapper-sc-1lxh6l2-3 olYdK"]/div[@class="style__NavigationGrid-sc-1lxh6l2-5 cyPoXN"]/div[@class="style__AvatarGrid-sc-1lxh6l2-6 kWLEke"]/a[@class="style__AvatarLink-sc-1lxh6l2-7 bWCJDQ"][count(. | //*[(text() = 'abc' or . = 'abc')]) = count(//*[(text() = 'abc' or . = 'abc')])]' is present after '25' second(s) (Root cause: com.kms.katalon.core.exception.StepFailedException: Web element with id: 'Object Repository/Page_Explore/button_abc' located by 'By.xpath: id("root")/div[@class="style__StyledAppViewWrapper-sc-1cyw1w0-0 iDTxIk"]/div[@class="style__NavigationWrapper-sc-1lxh6l2-3 olYdK"]/div[@class="style__NavigationGrid-sc-1lxh6l2-5 cyPoXN"]/div[@class="style__AvatarGrid-sc-1lxh6l2-6 kWLEke"]/a[@class="style__AvatarLink-sc-1lxh6l2-7 bWCJDQ"][count(. | //*[(text() = 'abc' or . = 'abc')]) = count(//*[(text() = 'abc' or . = 'abc')])]' is present after '25' second(s)
	at com.kms.katalon.core.webui.keyword.internal.WebUIKeywordMain.stepFailed(WebUIKeywordMain.groovy:64)
	at com.kms.katalon.core.webui.keyword.builtin.VerifyElementNotPresentKeyword$_verifyElementNotPresent_closure1.doCall(VerifyElementNotPresentKeyword.groovy:107)
	at com.kms.katalon.core.webui.keyword.builtin.VerifyElementNotPresentKeyword$_verifyElementNotPresent_closure1.call(VerifyElementNotPresentKeyword.groovy)
	at com.kms.katalon.core.webui.keyword.internal.WebUIKeywordMain.runKeyword(WebUIKeywordMain.groovy:20)
	at com.kms.katalon.core.webui.keyword.builtin.VerifyElementNotPresentKeyword.verifyElementNotPresent(VerifyElementNotPresentKeyword.groovy:118)
	at com.kms.katalon.core.webui.keyword.builtin.VerifyElementNotPresentKeyword.execute(VerifyElementNotPresentKeyword.groovy:68)
	at com.kms.katalon.core.keyword.internal.KeywordExecutor.executeKeywordForPlatform(KeywordExecutor.groovy:56)
	at com.kms.katalon.core.webui.keyword.WebUiBuiltInKeywords.verifyElementNotPresent(WebUiBuiltInKeywords.groovy:1451)
	at com.kms.katalon.core.webui.keyword.WebUiBuiltInKeywords$verifyElementNotPresent$4.call(Unknown Source)
	at Create Channel use Internal Data.run(Create Channel use Internal Data:34)
	at com.kms.katalon.core.main.ScriptEngine.run(ScriptEngine.java:194)
	at com.kms.katalon.core.main.ScriptEngine.runScriptAsRawText(ScriptEngine.java:119)
	at com.kms.katalon.core.main.TestCaseExecutor.runScript(TestCaseExecutor.java:336)
	at com.kms.katalon.core.main.TestCaseExecutor.doExecute(TestCaseExecutor.java:327)
	at com.kms.katalon.core.main.TestCaseExecutor.processExecutionPhase(TestCaseExecutor.java:306)
	at com.kms.katalon.core.main.TestCaseExecutor.accessMainPhase(TestCaseExecutor.java:298)
	at com.kms.katalon.core.main.TestCaseExecutor.execute(TestCaseExecutor.java:232)
	at com.kms.katalon.core.main.TestSuiteExecutor.accessTestCaseMainPhase(TestSuiteExecutor.java:129)
	at com.kms.katalon.core.main.TestSuiteExecutor.accessTestSuiteMainPhase(TestSuiteExecutor.java:112)
	at com.kms.katalon.core.main.TestSuiteExecutor.execute(TestSuiteExecutor.java:81)
	at com.kms.katalon.core.main.TestCaseMain.startTestSuite(TestCaseMain.java:157)
	at com.kms.katalon.core.main.TestCaseMain$startTestSuite$0.call(Unknown Source)
	at TempTestSuite1558573488415.run(TempTestSuite1558573488415.groovy:35)
)

2019-05-23 08:09:13 - [MESSAGE][WARNING] - Web element with id: 'Object Repository/Page_Explore/button_abc' located by 'By.xpath: id("root")/div[@class="style__StyledAppViewWrapper-sc-1cyw1w0-0 iDTxIk"]/div[@class="style__NavigationWrapper-sc-1lxh6l2-3 olYdK"]/div[@class="style__NavigationGrid-sc-1lxh6l2-5 cyPoXN"]/div[@class="style__AvatarGrid-sc-1lxh6l2-6 kWLEke"]/a[@class="style__AvatarLink-sc-1lxh6l2-7 bWCJDQ"][count(. | //*[(text() = 'abc' or . = 'abc')]) = count(//*[(text() = 'abc' or . = 'abc')])]' is present after '25' second(s) (Root cause: com.kms.katalon.core.exception.StepFailedException: Web element with id: 'Object Repository/Page_Explore/button_abc' located by 'By.xpath: id("root")/div[@class="style__StyledAppViewWrapper-sc-1cyw1w0-0 iDTxIk"]/div[@class="style__NavigationWrapper-sc-1lxh6l2-3 olYdK"]/div[@class="style__NavigationGrid-sc-1lxh6l2-5 cyPoXN"]/div[@class="style__AvatarGrid-sc-1lxh6l2-6 kWLEke"]/a[@class="style__AvatarLink-sc-1lxh6l2-7 bWCJDQ"][count(. | //*[(text() = 'abc' or . = 'abc')]) = count(//*[(text() = 'abc' or . = 'abc')])]' is present after '25' second(s)
	at com.kms.katalon.core.webui.keyword.internal.WebUIKeywordMain.stepFailed(WebUIKeywordMain.groovy:64)
	at com.kms.katalon.core.webui.keyword.builtin.VerifyElementNotPresentKeyword$_verifyElementNotPresent_closure1.doCall(VerifyElementNotPresentKeyword.groovy:107)
	at com.kms.katalon.core.webui.keyword.builtin.VerifyElementNotPresentKeyword$_verifyElementNotPresent_closure1.call(VerifyElementNotPresentKeyword.groovy)
	at com.kms.katalon.core.webui.keyword.internal.WebUIKeywordMain.runKeyword(WebUIKeywordMain.groovy:20)
	at com.kms.katalon.core.webui.keyword.builtin.VerifyElementNotPresentKeyword.verifyElementNotPresent(VerifyElementNotPresentKeyword.groovy:118)
	at com.kms.katalon.core.webui.keyword.builtin.VerifyElementNotPresentKeyword.execute(VerifyElementNotPresentKeyword.groovy:68)
	at com.kms.katalon.core.keyword.internal.KeywordExecutor.executeKeywordForPlatform(KeywordExecutor.groovy:56)
	at com.kms.katalon.core.webui.keyword.WebUiBuiltInKeywords.verifyElementNotPresent(WebUiBuiltInKeywords.groovy:1451)
	at com.kms.katalon.core.webui.keyword.WebUiBuiltInKeywords$verifyElementNotPresent$4.call(Unknown Source)
	at Create Channel use Internal Data.run(Create Channel use Internal Data:34)
	at com.kms.katalon.core.main.ScriptEngine.run(ScriptEngine.java:194)
	at com.kms.katalon.core.main.ScriptEngine.runScriptAsRawText(ScriptEngine.java:119)
	at com.kms.katalon.core.main.TestCaseExecutor.runScript(TestCaseExecutor.java:336)
	at com.kms.katalon.core.main.TestCaseExecutor.doExecute(TestCaseExecutor.java:327)
	at com.kms.katalon.core.main.TestCaseExecutor.processExecutionPhase(TestCaseExecutor.java:306)
	at com.kms.katalon.core.main.TestCaseExecutor.accessMainPhase(TestCaseExecutor.java:298)
	at com.kms.katalon.core.main.TestCaseExecutor.execute(TestCaseExecutor.java:232)
	at com.kms.katalon.core.main.TestSuiteExecutor.accessTestCaseMainPhase(TestSuiteExecutor.java:129)
	at com.kms.katalon.core.main.TestSuiteExecutor.accessTestSuiteMainPhase(TestSuiteExecutor.java:112)
	at com.kms.katalon.core.main.TestSuiteExecutor.execute(TestSuiteExecutor.java:81)
	at com.kms.katalon.core.main.TestCaseMain.startTestSuite(TestCaseMain.java:157)
	at com.kms.katalon.core.main.TestCaseMain$startTestSuite$0.call(Unknown Source)
	at TempTestSuite1558573488415.run(TempTestSuite1558573488415.groovy:35)
)
[[ATTACHMENT|D:\\HCMUS DATA\\Tern2-4th\\CCDNCTPTPM\\BT\\HW2\\Project\\TED_Team-Test_Project\\TED_Team-Test_Project\\Reports\\15 Driven Test using Internal Data\\Test Suite Create Channel Internal Data\\20190523_080448\\1558573752991.png]]

2019-05-23 08:09:13 - [TEST_STEP][PASSED] - else: Object: 'Object Repository/Page_abc settings/button_Create Channel 7' is clicked on

2019-05-23 08:09:13 - [TEST_STEP][PASSED] - navigateToUrl("http://localhost:3000/abc?tab=posts"): Navigate to 'http://localhost:3000/abc?tab=posts' successfully

2019-05-23 08:09:15 - [MESSAGE][PASSED] - Navigate to 'http://localhost:3000/abc?tab=posts' successfully

2019-05-23 08:09:15 - [TEST_STEP][PASSED] - click(findTestObject("Page_abc community/button_Settings")): Object: 'Object Repository/Page_abc community/button_Settings' is clicked on

2019-05-23 08:09:18 - [MESSAGE][PASSED] - Object: 'Object Repository/Page_abc community/button_Settings' is clicked on

2019-05-23 08:09:18 - [TEST_STEP][PASSED] - delay(3): Delayed 3 second(s)

2019-05-23 08:09:21 - [MESSAGE][PASSED] - Delayed 3 second(s)

2019-05-23 08:09:21 - [TEST_STEP][PASSED] - click(findTestObject("Page_abc settings/button_Create Channel")): Object: 'Object Repository/Page_abc settings/button_Create Channel' is clicked on

2019-05-23 08:09:21 - [MESSAGE][PASSED] - Object: 'Object Repository/Page_abc settings/button_Create Channel' is clicked on

2019-05-23 08:09:21 - [TEST_STEP][PASSED] - setText(findTestObject("Page_abc settings/input_Channel Name_name"), channel_name): Text 'channel 15' is set on object 'Object Repository/Page_abc settings/input_Channel Name_name'

2019-05-23 08:09:22 - [MESSAGE][PASSED] - Text 'channel 15' is set on object 'Object Repository/Page_abc settings/input_Channel Name_name'

2019-05-23 08:09:22 - [TEST_STEP][PASSED] - setText(findTestObject("Page_abc settings/textarea_ht"), channel_detail): Text 'This is detail of channel 15' is set on object 'Object Repository/Page_abc settings/textarea_ht'

2019-05-23 08:09:22 - [MESSAGE][PASSED] - Text 'This is detail of channel 15' is set on object 'Object Repository/Page_abc settings/textarea_ht'

2019-05-23 08:09:22 - [TEST_STEP][PASSED] - click(findTestObject("Page_abc settings/button_Create Channel 7")): Object: 'Object Repository/Page_abc settings/button_Create Channel 7' is clicked on

2019-05-23 08:09:22 - [MESSAGE][PASSED] - Object: 'Object Repository/Page_abc settings/button_Create Channel 7' is clicked on]]></system-out>
         <system-err><![CDATA[]]></system-err>
      </testcase>
      <system-out><![CDATA[2019-05-23 08:04:50 - [TEST_SUITE][PASSED] - Test Suite Create Channel Internal Data: Test Cases/20 Data-driven test case/Create Channel use Internal Data]]></system-out>
      <system-err><![CDATA[]]></system-err>
   </testsuite>
</testsuites>
